<?xml version="1.0" encoding="UTF-8"?>
<!-- Generated by org.testng.reporters.JUnitReportReporter -->
<testsuite hostname="ITLRWI016" failures="0" tests="1" name="com.Parameters.ParameterTest" time="11.326" errors="0" timestamp="2023-01-10T16:52:10 IST" skipped="0">
  <testcase classname="com.Parameters.ParameterTest" name="secureWatchLogin" time="11.326"/>
  <system-out/>
</testsuite> <!-- com.Parameters.ParameterTest -->
