<?xml version="1.0" encoding="UTF-8"?>
<!-- Generated by org.testng.reporters.JUnitReportReporter -->
<testsuite hostname="ITLRWI016" failures="0" tests="10" name="com.test.InvocationCountTest" time="0.049" errors="0" timestamp="2023-01-10T16:52:10 IST" skipped="0">
  <testcase classname="com.test.InvocationCountTest" name="countTest" time="0.001"/>
  <system-out/>
  <testcase classname="com.test.InvocationCountTest" name="countTest" time="0.001"/>
  <system-out/>
  <testcase classname="com.test.InvocationCountTest" name="countTest" time="0.008"/>
  <system-out/>
  <testcase classname="com.test.InvocationCountTest" name="countTest" time="0.030"/>
  <system-out/>
  <testcase classname="com.test.InvocationCountTest" name="countTest" time="0.001"/>
  <system-out/>
  <testcase classname="com.test.InvocationCountTest" name="countTest" time="0.001"/>
  <system-out/>
  <testcase classname="com.test.InvocationCountTest" name="countTest" time="0.002"/>
  <system-out/>
  <testcase classname="com.test.InvocationCountTest" name="countTest" time="0.002"/>
  <system-out/>
  <testcase classname="com.test.InvocationCountTest" name="countTest" time="0.002"/>
  <system-out/>
  <testcase classname="com.test.InvocationCountTest" name="countTest" time="0.001"/>
  <system-out/>
</testsuite> <!-- com.test.InvocationCountTest -->
