<?xml version="1.0" encoding="UTF-8"?>
<!-- Generated by org.testng.reporters.JUnitReportReporter -->
<testsuite hostname="ITLRWI016" failures="0" tests="6" name="com.test.GoogleTest" time="26.296" errors="0" timestamp="2023-01-10T16:52:10 IST" skipped="0">
  <testcase classname="com.test.GoogleTest" name="googleTitle" time="4.399"/>
  <system-out/>
  <testcase classname="com.test.GoogleTest" name="googleImageDisplay" time="4.242"/>
  <system-out/>
  <testcase classname="com.test.GoogleTest" name="mailLink" time="4.442"/>
  <system-out/>
  <testcase classname="com.test.GoogleTest" name="test1" time="4.317"/>
  <system-out/>
  <testcase classname="com.test.GoogleTest" name="test2" time="4.432"/>
  <system-out/>
  <testcase classname="com.test.GoogleTest" name="test3" time="4.464"/>
  <system-out/>
</testsuite> <!-- com.test.GoogleTest -->
