<?xml version="1.0" encoding="UTF-8"?>
<!-- Generated by org.testng.reporters.JUnitReportReporter -->
<testsuite hostname="ITLRWI016" failures="0" tests="2" name="com.test.GoogleTitleTest" time="7.093" errors="0" timestamp="2023-01-10T16:52:10 IST" skipped="0">
  <testcase classname="com.test.GoogleTitleTest" name="googleTitle" time="3.472"/>
  <system-out/>
  <testcase classname="com.test.GoogleTitleTest" name="googleImageDisplay" time="3.621"/>
  <system-out/>
</testsuite> <!-- com.test.GoogleTitleTest -->
