<?xml version="1.0" encoding="UTF-8"?>
<!-- Generated by org.testng.reporters.JUnitReportReporter -->
<testsuite hostname="ITLRWI016" failures="0" tests="3" name="com.test.TestNG_Basics" time="0.007" errors="0" timestamp="2023-01-10T16:52:10 IST" skipped="0">
  <testcase classname="com.test.TestNG_Basics" name="googleLogoTest" time="0.001"/>
  <system-out/>
  <testcase classname="com.test.TestNG_Basics" name="googleTitle" time="0.003"/>
  <system-out/>
  <testcase classname="com.test.TestNG_Basics" name="searchText" time="0.003"/>
  <system-out/>
</testsuite> <!-- com.test.TestNG_Basics -->
