<?xml version="1.0" encoding="UTF-8"?>
<!-- Generated by org.testng.reporters.JUnitReportReporter -->
<testsuite hostname="ITLRWI016" failures="0" tests="1" name="apiServicesTesting.TC3_GetAPI2" time="4.849" errors="0" timestamp="2022-05-22T12:36:48 IST" skipped="0">
  <testcase classname="apiServicesTesting.TC3_GetAPI2" name="validate_Headers" time="4.849"/>
  <system-out/>
</testsuite> <!-- apiServicesTesting.TC3_GetAPI2 -->
