<?xml version="1.0" encoding="UTF-8"?>
<!-- Generated by org.testng.reporters.JUnitReportReporter -->
<testsuite hostname="ITLRWI016" failures="0" tests="1" name="apiServicesTesting.TC4_GetAPI3" time="3.869" errors="0" timestamp="2022-05-22T12:51:34 IST" skipped="0">
  <testcase classname="apiServicesTesting.TC4_GetAPI3" name="get_Employees1" time="3.869"/>
  <system-out/>
</testsuite> <!-- apiServicesTesting.TC4_GetAPI3 -->
