<?xml version="1.0" encoding="UTF-8"?>
<!-- Generated by org.testng.reporters.JUnitReportReporter -->
<testsuite hostname="ITLRWI016" failures="0" tests="1" name="apiServicesTesting.TC2_PostAPI1" time="4.238" errors="0" timestamp="2022-05-22T12:10:43 IST" skipped="0">
  <testcase classname="apiServicesTesting.TC2_PostAPI1" name="Create_New_Record" time="4.238"/>
  <system-out/>
</testsuite> <!-- apiServicesTesting.TC2_PostAPI1 -->
