<?xml version="1.0" encoding="UTF-8"?>
<!-- Generated by org.testng.reporters.JUnitReportReporter -->
<testsuite hostname="ITLRWI016" failures="0" tests="1" name="apiServicesTesting.TC6_validateAlldatafromResponse" time="5.382" errors="0" timestamp="2022-06-02T12:37:21 IST" skipped="0">
  <testcase classname="apiServicesTesting.TC6_validateAlldatafromResponse" name="validate_AllResponseDta" time="5.382"/>
  <system-out/>
</testsuite> <!-- apiServicesTesting.TC6_validateAlldatafromResponse -->
