<?xml version="1.0" encoding="UTF-8"?>
<!-- Generated by org.testng.reporters.JUnitReportReporter -->
<testsuite hostname="ITLRWI016" failures="0" tests="1" name="apiServicesTesting.TC5_GETAPI4_validateJSONResponse" time="4.635" errors="0" timestamp="2022-05-22T13:11:52 IST" skipped="0">
  <testcase classname="apiServicesTesting.TC5_GETAPI4_validateJSONResponse" name="get_Employees" time="4.635"/>
  <system-out/>
</testsuite> <!-- apiServicesTesting.TC5_GETAPI4_validateJSONResponse -->
