<?xml version="1.0" encoding="UTF-8"?>
<!-- Generated by org.testng.reporters.JUnitReportReporter -->
<testsuite hostname="ITLRWI016" failures="0" tests="1" name="testRunner.FailedTestsRerun" time="54.262" errors="0" timestamp="29 Dec 2022 05:34:00 GMT" skipped="0">
  <testcase classname="testRunner.FailedTestsRerun" name="runScenario" time="54.262"/>
</testsuite> <!-- testRunner.FailedTestsRerun -->
