<?xml version="1.0" encoding="UTF-8"?>
<!-- Generated by org.testng.reporters.JUnitReportReporter -->
<testsuite hostname="ITLRWI016" failures="0" tests="3" name="com.TestNGPractice.SecureWatchLogin" time="0.014" errors="0" timestamp="2023-01-09T00:51:36 IST" skipped="0">
  <testcase classname="com.TestNGPractice.SecureWatchLogin" name="DashboardTitle" time="0.007"/>
  <system-out/>
  <testcase classname="com.TestNGPractice.SecureWatchLogin" name="createRegion" time="0.003"/>
  <system-out/>
  <testcase classname="com.TestNGPractice.SecureWatchLogin" name="searchRegion" time="0.004"/>
  <system-out/>
</testsuite> <!-- com.TestNGPractice.SecureWatchLogin -->
