<?xml version="1.0" encoding="UTF-8"?>
<!-- Generated by org.testng.reporters.JUnitReportReporter -->
<testsuite hostname="ITLRWI016" failures="0" tests="3" name="com.TestNGPractice.TestNGGroups" time="0.007" errors="0" timestamp="2023-01-09T00:51:36 IST" skipped="0">
  <testcase classname="com.TestNGPractice.TestNGGroups" name="googleTitle" time="0.002"/>
  <system-out/>
  <testcase classname="com.TestNGPractice.TestNGGroups" name="googleImageDisplay" time="0.002"/>
  <system-out/>
  <testcase classname="com.TestNGPractice.TestNGGroups" name="mailLink" time="0.003"/>
  <system-out/>
</testsuite> <!-- com.TestNGPractice.TestNGGroups -->
