<?xml version="1.0" encoding="UTF-8"?>
<!-- Generated by org.testng.reporters.JUnitReportReporter -->
<testsuite hostname="ITLRWI016" failures="0" tests="2" name="com.TestNGPractice.TestNGDependencyMethod" time="0.004" errors="0" timestamp="2023-01-09T00:51:36 IST" skipped="0">
  <testcase classname="com.TestNGPractice.TestNGDependencyMethod" name="homeTest" time="0.002"/>
  <system-out/>
  <testcase classname="com.TestNGPractice.TestNGDependencyMethod" name="loginTest" time="0.002"/>
  <system-out/>
</testsuite> <!-- com.TestNGPractice.TestNGDependencyMethod -->
