<?xml version="1.0" encoding="UTF-8"?>
<!-- Generated by org.testng.reporters.JUnitReportReporter -->
<testsuite skipped="0" hostname="ITLRWI016" name="restAssured_Tests.RestS2_getapi" tests="1" failures="0" timestamp="2022-04-26T16:50:51 IST" time="0.012" errors="0">
  <testcase name="getGoogle" time="0.012" classname="restAssured_Tests.RestS2_getapi"/>
  <system-out/>
</testsuite> <!-- restAssured_Tests.RestS2_getapi -->
