<?xml version="1.0" encoding="UTF-8"?>
<!-- Generated by org.testng.reporters.JUnitReportReporter -->
<testsuite hostname="ITLRWI016" failures="0" tests="1" name="restAssuredTests.API1_GetRequest_BooksStore" time="4.224" errors="0" timestamp="2023-02-09T13:43:21 IST" skipped="0">
  <testcase classname="restAssuredTests.API1_GetRequest_BooksStore" name="getBooksDetails" time="4.224"/>
  <system-out/>
</testsuite> <!-- restAssuredTests.API1_GetRequest_BooksStore -->
